<?xml version="1.0" encoding="UTF-8"?>
<!-- Generated by org.testng.reporters.JUnitReportReporter -->
<testsuite hostname="DESKTOP-U00JE1A" name="com.flipkart.testcases.HomePageTest" tests="3" failures="0" timestamp="24 Aug 2020 04:46:03 GMT" time="131.304" errors="0">
  <testcase name="verifySearchProductTest" time="72.914" classname="com.flipkart.testcases.HomePageTest"/>
  <testcase name="verifyLogoutTest" time="38.590" classname="com.flipkart.testcases.HomePageTest"/>
  <testcase name="verifyHomePageTitleTest" time="19.800" classname="com.flipkart.testcases.HomePageTest"/>
</testsuite> <!-- com.flipkart.testcases.HomePageTest -->
