<?xml version="1.0" encoding="UTF-8"?>
<!-- Generated by org.testng.reporters.JUnitReportReporter -->
<testsuite hostname="DESKTOP-U00JE1A" name="com.flipkart.testcases.LoginPageTest" tests="3" failures="0" timestamp="24 Aug 2020 04:46:03 GMT" time="52.044" errors="0">
  <testcase name="verifyTitleTest" time="19.005" classname="com.flipkart.testcases.LoginPageTest"/>
  <testcase name="verifyLoginTest" time="19.508" classname="com.flipkart.testcases.LoginPageTest"/>
  <testcase name="verifyLogoTest" time="13.531" classname="com.flipkart.testcases.LoginPageTest"/>
</testsuite> <!-- com.flipkart.testcases.LoginPageTest -->
