<?xml version="1.0" encoding="UTF-8"?>
<!-- Generated by org.testng.reporters.JUnitReportReporter -->
<testsuite hostname="DESKTOP-U00JE1A" name="com.flipkart.testcases.LoginPageTest" tests="1" failures="0" timestamp="20 Aug 2020 18:43:56 GMT" time="17.951" errors="0">
  <testcase name="verifyTitleTest" time="17.951" classname="com.flipkart.testcases.LoginPageTest"/>
</testsuite> <!-- com.flipkart.testcases.LoginPageTest -->
