<?xml version="1.0" encoding="UTF-8"?>
<!-- Generated by org.testng.reporters.JUnitReportReporter -->
<testsuite hostname="DESKTOP-U00JE1A" name="com.flipkart.testcases.HomePageTest" tests="2" failures="0" timestamp="20 Aug 2020 19:01:00 GMT" time="47.381" errors="0">
  <testcase name="verifySearchProductTest" time="23.848" classname="com.flipkart.testcases.HomePageTest"/>
  <testcase name="verifyHomePageTitleTest" time="23.533" classname="com.flipkart.testcases.HomePageTest"/>
</testsuite> <!-- com.flipkart.testcases.HomePageTest -->
