<?xml version="1.0" encoding="UTF-8"?>
<!-- Generated by org.testng.reporters.JUnitReportReporter -->
<testsuite hostname="DESKTOP-U00JE1A" name="com.flipkart.testcases.LoginPageTest" tests="3" failures="0" timestamp="23 Aug 2020 13:26:50 GMT" time="75.629" errors="0">
  <testcase name="verifyLogoTest" time="17.435" classname="com.flipkart.testcases.LoginPageTest"/>
  <testcase name="verifyTitleTest" time="15.085" classname="com.flipkart.testcases.LoginPageTest"/>
  <testcase name="verifyLoginTest" time="43.109" classname="com.flipkart.testcases.LoginPageTest"/>
</testsuite> <!-- com.flipkart.testcases.LoginPageTest -->
